<?xml version="1.0" encoding="UTF-8"?>
<!-- Generated by org.testng.reporters.JUnitReportReporter -->
<testsuite hostname="LAPTOP-6LBB2L7F" failures="0" tests="1" name="endtoendtestcase.MyBook" time="35.716" errors="0" timestamp="2023-08-06T11:19:54 IST" skipped="0">
  <testcase classname="endtoendtestcase.MyBook" name="testAddAndRemoveBook" time="35.716"/>
  <system-out/>
</testsuite> <!-- endtoendtestcase.MyBook -->
